<?xml version="1.0" encoding="UTF-8"?>
<!-- Generated by org.testng.reporters.JUnitReportReporter -->
<testsuite hostname="DESKTOP-B05KAMI" failures="0" tests="2" name="testCases.Admin_UserManagementFunctionality" time="46.007" errors="0" timestamp="2023-07-18T10:58:45 CST" skipped="0">
  <testcase classname="testCases.Admin_UserManagementFunctionality" name="addUserValidation" time="23.557"/>
  <system-out/>
  <testcase classname="testCases.Admin_UserManagementFunctionality" name="deleteUserValidation" time="22.450"/>
  <system-out/>
</testsuite> <!-- testCases.Admin_UserManagementFunctionality -->
