<?xml version="1.0" encoding="UTF-8"?>
<!-- Generated by org.testng.reporters.JUnitReportReporter -->
<testsuite hostname="DESKTOP-B05KAMI" failures="0" tests="2" name="testCases.ForgotPasswordFunctionalty" time="19.691" errors="0" timestamp="2023-07-19T11:48:31 CST" skipped="0">
  <testcase classname="testCases.ForgotPasswordFunctionalty" name="resetPasswordValidUser" time="10.802"/>
  <system-out/>
  <testcase classname="testCases.ForgotPasswordFunctionalty" name="resetPasswordBlankUser" time="8.889"/>
  <system-out/>
</testsuite> <!-- testCases.ForgotPasswordFunctionalty -->
