<?xml version="1.0" encoding="UTF-8"?>
<!-- Generated by org.testng.reporters.JUnitReportReporter -->
<testsuite hostname="DESKTOP-B05KAMI" failures="0" tests="5" name="testCases.LoginFunctionalityValidation" time="46.668" errors="0" timestamp="2023-07-19T11:48:31 CST" skipped="0">
  <testcase classname="testCases.LoginFunctionalityValidation" name="loginWithInvalidPassword" time="10.066"/>
  <system-out/>
  <testcase classname="testCases.LoginFunctionalityValidation" name="logoutFunctionality" time="13.255"/>
  <system-out/>
  <testcase classname="testCases.LoginFunctionalityValidation" name="loginWithValidCredetials" time="7.649"/>
  <system-out/>
  <testcase classname="testCases.LoginFunctionalityValidation" name="loginWithBlankCrendentials" time="7.065"/>
  <system-out/>
  <testcase classname="testCases.LoginFunctionalityValidation" name="loginWithInvalidUser" time="8.633"/>
  <system-out/>
</testsuite> <!-- testCases.LoginFunctionalityValidation -->
