<?xml version="1.0" encoding="UTF-8"?>
<!-- Generated by org.testng.reporters.JUnitReportReporter -->
<testsuite hostname="DESKTOP-B05KAMI" failures="0" tests="2" name="testCases.PIM_EmployeeInformationFunctionality" time="30.776" errors="0" timestamp="2023-07-19T11:48:31 CST" skipped="0">
  <testcase classname="testCases.PIM_EmployeeInformationFunctionality" name="deleteEmployeeValidation" time="12.607"/>
  <system-out/>
  <testcase classname="testCases.PIM_EmployeeInformationFunctionality" name="addEmployeeValidation" time="18.169"/>
  <system-out/>
</testsuite> <!-- testCases.PIM_EmployeeInformationFunctionality -->
