<?xml version="1.0" encoding="UTF-8"?>
<!-- Generated by org.testng.reporters.JUnitReportReporter -->
<testsuite hostname="DESKTOP-B05KAMI" failures="0" tests="2" name="testCases.PIM_EmployeeInformationFunctionality" time="32.876" errors="0" timestamp="2023-07-18T10:57:41 CST" skipped="0">
  <testcase classname="testCases.PIM_EmployeeInformationFunctionality" name="addEmployeeValidation" time="19.817"/>
  <system-out/>
  <testcase classname="testCases.PIM_EmployeeInformationFunctionality" name="deleteEmployeeValidation" time="13.059"/>
  <system-out/>
</testsuite> <!-- testCases.PIM_EmployeeInformationFunctionality -->
