<?xml version="1.0" encoding="UTF-8"?>
<!-- Generated by org.testng.reporters.JUnitReportReporter -->
<testsuite hostname="DESKTOP-B05KAMI" failures="0" tests="5" name="testCases.LoginFunctionalityValidation" time="47.231" errors="0" timestamp="2023-07-18T11:35:27 CST" skipped="0">
  <testcase classname="testCases.LoginFunctionalityValidation" name="loginWithValidCredetials" time="8.365"/>
  <system-out/>
  <testcase classname="testCases.LoginFunctionalityValidation" name="logoutFunctionality" time="11.094"/>
  <system-out/>
  <testcase classname="testCases.LoginFunctionalityValidation" name="loginWithBlankCrendentials" time="6.632"/>
  <system-out/>
  <testcase classname="testCases.LoginFunctionalityValidation" name="loginWithInvalidUser" time="12.635"/>
  <system-out/>
  <testcase classname="testCases.LoginFunctionalityValidation" name="loginWithInvalidPassword" time="8.505"/>
  <system-out/>
</testsuite> <!-- testCases.LoginFunctionalityValidation -->
