<?xml version="1.0" encoding="UTF-8"?>
<!-- Generated by org.testng.reporters.JUnitReportReporter -->
<testsuite hostname="DESKTOP-B05KAMI" failures="0" tests="2" name="testCases.PIM_EmployeeInformationFunctionality" time="30.492" errors="0" timestamp="2023-07-18T11:10:27 CST" skipped="0">
  <testcase classname="testCases.PIM_EmployeeInformationFunctionality" name="addEmployeeValidation" time="17.639"/>
  <system-out/>
  <testcase classname="testCases.PIM_EmployeeInformationFunctionality" name="deleteEmployeeValidation" time="12.853"/>
  <system-out/>
</testsuite> <!-- testCases.PIM_EmployeeInformationFunctionality -->
