<?xml version="1.0" encoding="UTF-8"?>
<!-- Generated by org.testng.reporters.JUnitReportReporter -->
<testsuite hostname="DESKTOP-B05KAMI" failures="0" tests="2" name="testCases.Admin_UserManagementFunctionality" time="39.373" errors="0" timestamp="2023-07-18T11:10:27 CST" skipped="0">
  <testcase classname="testCases.Admin_UserManagementFunctionality" name="addUserValidation" time="23.076"/>
  <system-out/>
  <testcase classname="testCases.Admin_UserManagementFunctionality" name="deleteUserValidation" time="16.297"/>
  <system-out/>
</testsuite> <!-- testCases.Admin_UserManagementFunctionality -->
