<?xml version="1.0" encoding="UTF-8"?>
<!-- Generated by org.testng.reporters.JUnitReportReporter -->
<testsuite hostname="DESKTOP-B05KAMI" failures="0" tests="2" name="testCases.ForgotPasswordFunctionalty" time="17.212" errors="0" timestamp="2023-07-18T11:10:27 CST" skipped="0">
  <testcase classname="testCases.ForgotPasswordFunctionalty" name="resetPasswordBlankUser" time="7.613"/>
  <system-out/>
  <testcase classname="testCases.ForgotPasswordFunctionalty" name="resetPasswordValidUser" time="9.599"/>
  <system-out/>
</testsuite> <!-- testCases.ForgotPasswordFunctionalty -->
